ARM GAS  /tmp/cccj64E6.s 			page 1


   1              		.cpu cortex-m4
   2              		.eabi_attribute 27, 1
   3              		.eabi_attribute 28, 1
   4              		.eabi_attribute 20, 1
   5              		.eabi_attribute 21, 1
   6              		.eabi_attribute 23, 3
   7              		.eabi_attribute 24, 1
   8              		.eabi_attribute 25, 1
   9              		.eabi_attribute 26, 1
  10              		.eabi_attribute 30, 1
  11              		.eabi_attribute 34, 1
  12              		.eabi_attribute 18, 4
  13              		.file	"seven_segment.c"
  14              		.text
  15              	.Ltext0:
  16              		.cfi_sections	.debug_frame
  17              		.section	.text.segment_a,"ax",%progbits
  18              		.align	1
  19              		.global	segment_a
  20              		.arch armv7e-m
  21              		.syntax unified
  22              		.thumb
  23              		.thumb_func
  24              		.fpu fpv4-sp-d16
  26              	segment_a:
  27              	.LVL0:
  28              	.LFB130:
  29              		.file 1 "Src/seven_segment.c"
   1:Src/seven_segment.c **** #include "seven_segment.h"
   2:Src/seven_segment.c **** 
   3:Src/seven_segment.c **** GPIO_PinState segment_a(uint8_t input){
  30              		.loc 1 3 39 view -0
  31              		.cfi_startproc
  32              		@ args = 0, pretend = 0, frame = 0
  33              		@ frame_needed = 0, uses_anonymous_args = 0
  34              		@ link register save eliminated.
   4:Src/seven_segment.c **** 
   5:Src/seven_segment.c **** uint8_t result =(0x04&~input)>>2&(0x01&~input);
  35              		.loc 1 5 1 view .LVU1
  36              		.loc 1 5 30 is_stmt 0 view .LVU2
  37 0000 6FEA9002 		mvn	r2, r0, lsr #2
  38              		.loc 1 5 33 view .LVU3
  39 0004 80F00103 		eor	r3, r0, #1
  40 0008 02F00102 		and	r2, r2, #1
  41 000c 1340     		ands	r3, r3, r2
  42              	.LVL1:
   6:Src/seven_segment.c **** result|=(0x02&input)>>1;
  43              		.loc 1 6 1 is_stmt 1 view .LVU4
  44              		.loc 1 6 7 is_stmt 0 view .LVU5
  45 000e C0F34002 		ubfx	r2, r0, #1, #1
  46 0012 1343     		orrs	r3, r3, r2
  47              	.LVL2:
   7:Src/seven_segment.c **** result|=(0x04&input)>>2&(0x01&input);
  48              		.loc 1 7 1 is_stmt 1 view .LVU6
  49              		.loc 1 7 7 is_stmt 0 view .LVU7
  50 0014 00EA9002 		and	r2, r0, r0, lsr #2
  51 0018 02F00102 		and	r2, r2, #1
ARM GAS  /tmp/cccj64E6.s 			page 2


  52 001c 1343     		orrs	r3, r3, r2
  53              	.LVL3:
   8:Src/seven_segment.c **** result|=(0x08&input)>>3; 
  54              		.loc 1 8 1 is_stmt 1 view .LVU8
  55              		.loc 1 8 7 is_stmt 0 view .LVU9
  56 001e C0F3C000 		ubfx	r0, r0, #3, #1
  57              	.LVL4:
   9:Src/seven_segment.c **** 
  10:Src/seven_segment.c **** if (result==0x01){
  58              		.loc 1 10 1 is_stmt 1 view .LVU10
  59              		.loc 1 10 4 is_stmt 0 view .LVU11
  60 0022 1843     		orrs	r0, r0, r3
  61              	.LVL5:
  62              		.loc 1 10 4 view .LVU12
  63 0024 00D1     		bne	.L2
  11:Src/seven_segment.c **** 
  12:Src/seven_segment.c ****     return GPIO_PIN_SET;
  13:Src/seven_segment.c ****  
  14:Src/seven_segment.c ****     }else{
  15:Src/seven_segment.c **** 
  16:Src/seven_segment.c ****      return GPIO_PIN_RESET;
  64              		.loc 1 16 13 view .LVU13
  65 0026 0020     		movs	r0, #0
  66              	.LVL6:
  67              	.L2:
  17:Src/seven_segment.c ****     } 
  18:Src/seven_segment.c ****      
  19:Src/seven_segment.c ****      
  20:Src/seven_segment.c ****  } 
  68              		.loc 1 20 2 view .LVU14
  69 0028 7047     		bx	lr
  70              		.cfi_endproc
  71              	.LFE130:
  73              		.section	.text.segment_b,"ax",%progbits
  74              		.align	1
  75              		.global	segment_b
  76              		.syntax unified
  77              		.thumb
  78              		.thumb_func
  79              		.fpu fpv4-sp-d16
  81              	segment_b:
  82              	.LVL7:
  83              	.LFB131:
  21:Src/seven_segment.c ****  
  22:Src/seven_segment.c **** 
  23:Src/seven_segment.c **** 
  24:Src/seven_segment.c **** GPIO_PinState segment_b(uint8_t input){
  84              		.loc 1 24 39 is_stmt 1 view -0
  85              		.cfi_startproc
  86              		@ args = 0, pretend = 0, frame = 0
  87              		@ frame_needed = 0, uses_anonymous_args = 0
  88              		@ link register save eliminated.
  25:Src/seven_segment.c **** uint8_t result =(~input & 0x04)>>2;
  89              		.loc 1 25 1 view .LVU16
  90              		.loc 1 25 32 is_stmt 0 view .LVU17
  91 0000 6FEA9003 		mvn	r3, r0, lsr #2
  92              		.loc 1 25 9 view .LVU18
ARM GAS  /tmp/cccj64E6.s 			page 3


  93 0004 03F00102 		and	r2, r3, #1
  94              	.LVL8:
  26:Src/seven_segment.c **** result|=(0x02&~input)>>1&(0x01&~input);
  95              		.loc 1 26 1 is_stmt 1 view .LVU19
  96              		.loc 1 26 22 is_stmt 0 view .LVU20
  97 0008 6FEA5001 		mvn	r1, r0, lsr #1
  98              		.loc 1 26 25 view .LVU21
  99 000c 80F00103 		eor	r3, r0, #1
 100 0010 01F00101 		and	r1, r1, #1
 101 0014 0B40     		ands	r3, r3, r1
 102              		.loc 1 26 7 view .LVU22
 103 0016 1343     		orrs	r3, r3, r2
 104              	.LVL9:
  27:Src/seven_segment.c **** result|=(0x02&input)>>1&(0x01&input);
 105              		.loc 1 27 1 is_stmt 1 view .LVU23
 106              		.loc 1 27 7 is_stmt 0 view .LVU24
 107 0018 00EA5000 		and	r0, r0, r0, lsr #1
 108              	.LVL10:
 109              		.loc 1 27 7 view .LVU25
 110 001c 00F00100 		and	r0, r0, #1
 111              	.LVL11:
  28:Src/seven_segment.c **** 
  29:Src/seven_segment.c **** if(result==1){
 112              		.loc 1 29 1 is_stmt 1 view .LVU26
 113              		.loc 1 29 3 is_stmt 0 view .LVU27
 114 0020 1843     		orrs	r0, r0, r3
 115              	.LVL12:
 116              		.loc 1 29 3 view .LVU28
 117 0022 00D1     		bne	.L5
  30:Src/seven_segment.c ****     return GPIO_PIN_SET;
  31:Src/seven_segment.c **** 
  32:Src/seven_segment.c ****  }else{
  33:Src/seven_segment.c ****     return GPIO_PIN_RESET;
 118              		.loc 1 33 12 view .LVU29
 119 0024 0020     		movs	r0, #0
 120              	.LVL13:
 121              	.L5:
  34:Src/seven_segment.c ****  }
  35:Src/seven_segment.c **** }
 122              		.loc 1 35 1 view .LVU30
 123 0026 7047     		bx	lr
 124              		.cfi_endproc
 125              	.LFE131:
 127              		.section	.text.segment_c,"ax",%progbits
 128              		.align	1
 129              		.global	segment_c
 130              		.syntax unified
 131              		.thumb
 132              		.thumb_func
 133              		.fpu fpv4-sp-d16
 135              	segment_c:
 136              	.LVL14:
 137              	.LFB132:
  36:Src/seven_segment.c **** 
  37:Src/seven_segment.c **** 
  38:Src/seven_segment.c **** //fixed
  39:Src/seven_segment.c **** GPIO_PinState segment_c(uint8_t input){
ARM GAS  /tmp/cccj64E6.s 			page 4


 138              		.loc 1 39 39 is_stmt 1 view -0
 139              		.cfi_startproc
 140              		@ args = 0, pretend = 0, frame = 0
 141              		@ frame_needed = 0, uses_anonymous_args = 0
 142              		@ link register save eliminated.
  40:Src/seven_segment.c **** uint8_t result=(~input & 0x02)>>1|(input &0x01)|(input & 0x04)>>2;
 143              		.loc 1 40 1 view .LVU32
 144              		.loc 1 40 34 is_stmt 0 view .LVU33
 145 0000 60EA5003 		orn	r3, r0, r0, lsr #1
 146 0004 5BB2     		sxtb	r3, r3
 147              		.loc 1 40 48 view .LVU34
 148 0006 43EAA000 		orr	r0, r3, r0, asr #2
 149              	.LVL15:
  41:Src/seven_segment.c **** if(result ==1){
 150              		.loc 1 41 1 is_stmt 1 view .LVU35
 151              		.loc 1 41 3 is_stmt 0 view .LVU36
 152 000a 10F00100 		ands	r0, r0, #1
 153              	.LVL16:
 154              		.loc 1 41 3 view .LVU37
 155 000e 00D0     		beq	.L8
  42:Src/seven_segment.c **** 	return GPIO_PIN_SET;
 156              		.loc 1 42 9 view .LVU38
 157 0010 0120     		movs	r0, #1
 158              	.L8:
  43:Src/seven_segment.c **** }else{
  44:Src/seven_segment.c **** 	return GPIO_PIN_RESET;
  45:Src/seven_segment.c **** 	}
  46:Src/seven_segment.c **** 
  47:Src/seven_segment.c **** }
 159              		.loc 1 47 1 view .LVU39
 160 0012 7047     		bx	lr
 161              		.cfi_endproc
 162              	.LFE132:
 164              		.section	.text.segment_d,"ax",%progbits
 165              		.align	1
 166              		.global	segment_d
 167              		.syntax unified
 168              		.thumb
 169              		.thumb_func
 170              		.fpu fpv4-sp-d16
 172              	segment_d:
 173              	.LVL17:
 174              	.LFB133:
  48:Src/seven_segment.c **** //fixed
  49:Src/seven_segment.c **** GPIO_PinState segment_d(uint8_t input){
 175              		.loc 1 49 39 is_stmt 1 view -0
 176              		.cfi_startproc
 177              		@ args = 0, pretend = 0, frame = 0
 178              		@ frame_needed = 0, uses_anonymous_args = 0
 179              		@ link register save eliminated.
  50:Src/seven_segment.c ****  uint8_t result=(input & 0x08)>>3;
 180              		.loc 1 50 2 view .LVU41
 181              		.loc 1 50 10 is_stmt 0 view .LVU42
 182 0000 C0F3C00C 		ubfx	ip, r0, #3, #1
 183              	.LVL18:
  51:Src/seven_segment.c ****  result|=(~input&0x04)>>2 & (~input&0x01);
 184              		.loc 1 51 2 is_stmt 1 view .LVU43
ARM GAS  /tmp/cccj64E6.s 			page 5


 185              		.loc 1 51 23 is_stmt 0 view .LVU44
 186 0004 6FEA9002 		mvn	r2, r0, lsr #2
 187              		.loc 1 51 27 view .LVU45
 188 0008 80F00103 		eor	r3, r0, #1
 189 000c 02F00102 		and	r2, r2, #1
 190 0010 03EA0201 		and	r1, r3, r2
 191              		.loc 1 51 8 view .LVU46
 192 0014 41EA0C01 		orr	r1, r1, ip
 193              	.LVL19:
  52:Src/seven_segment.c ****  result|=(~input & 0x04)>>2 & (input & 0x02)>>1;
 194              		.loc 1 52 2 is_stmt 1 view .LVU47
 195              		.loc 1 52 29 is_stmt 0 view .LVU48
 196 0018 02EA6002 		and	r2, r2, r0, asr #1
 197              		.loc 1 52 8 view .LVU49
 198 001c 0A43     		orrs	r2, r2, r1
 199              	.LVL20:
  53:Src/seven_segment.c ****  result|=(input & 0x02)>>1 & (~input & 0x01);
 200              		.loc 1 53 2 is_stmt 1 view .LVU50
 201              		.loc 1 53 28 is_stmt 0 view .LVU51
 202 001e C0F34001 		ubfx	r1, r0, #1, #1
 203 0022 0B40     		ands	r3, r3, r1
 204              		.loc 1 53 8 view .LVU52
 205 0024 1343     		orrs	r3, r3, r2
 206 0026 DBB2     		uxtb	r3, r3
 207              	.LVL21:
  54:Src/seven_segment.c ****  result|=(input & 0x04)>>2&(~input & 0x02)>>1&(input & 0x01);
 208              		.loc 1 54 2 is_stmt 1 view .LVU53
 209              		.loc 1 54 24 is_stmt 0 view .LVU54
 210 0028 C0F38002 		ubfx	r2, r0, #2, #1
 211              		.loc 1 54 27 view .LVU55
 212 002c 22EA5002 		bic	r2, r2, r0, lsr #1
 213              		.loc 1 54 46 view .LVU56
 214 0030 1040     		ands	r0, r0, r2
 215              	.LVL22:
 216              		.loc 1 54 8 view .LVU57
 217 0032 1843     		orrs	r0, r0, r3
 218 0034 40B2     		sxtb	r0, r0
 219              	.LVL23:
  55:Src/seven_segment.c **** 
  56:Src/seven_segment.c **** if(result ==1){
 220              		.loc 1 56 1 is_stmt 1 view .LVU58
 221              		.loc 1 56 3 is_stmt 0 view .LVU59
 222 0036 0128     		cmp	r0, #1
 223 0038 00D0     		beq	.L10
  57:Src/seven_segment.c **** 	return GPIO_PIN_SET;
  58:Src/seven_segment.c **** }else{
  59:Src/seven_segment.c **** 	return GPIO_PIN_RESET;
 224              		.loc 1 59 9 view .LVU60
 225 003a 0020     		movs	r0, #0
 226              	.LVL24:
 227              	.L10:
  60:Src/seven_segment.c **** 	}
  61:Src/seven_segment.c **** 
  62:Src/seven_segment.c **** 
  63:Src/seven_segment.c **** }
 228              		.loc 1 63 1 view .LVU61
 229 003c 7047     		bx	lr
ARM GAS  /tmp/cccj64E6.s 			page 6


 230              		.cfi_endproc
 231              	.LFE133:
 233              		.section	.text.segment_e,"ax",%progbits
 234              		.align	1
 235              		.global	segment_e
 236              		.syntax unified
 237              		.thumb
 238              		.thumb_func
 239              		.fpu fpv4-sp-d16
 241              	segment_e:
 242              	.LVL25:
 243              	.LFB134:
  64:Src/seven_segment.c **** 
  65:Src/seven_segment.c **** //fixed
  66:Src/seven_segment.c **** GPIO_PinState segment_e(uint8_t input){
 244              		.loc 1 66 39 is_stmt 1 view -0
 245              		.cfi_startproc
 246              		@ args = 0, pretend = 0, frame = 0
 247              		@ frame_needed = 0, uses_anonymous_args = 0
 248              		@ link register save eliminated.
  67:Src/seven_segment.c **** 
  68:Src/seven_segment.c **** uint8_t result = (~input&0x04)>>2 &(~input &0x01);
 249              		.loc 1 68 1 view .LVU63
 250              		.loc 1 68 31 is_stmt 0 view .LVU64
 251 0000 6FEA9003 		mvn	r3, r0, lsr #2
 252              		.loc 1 68 35 view .LVU65
 253 0004 80F00102 		eor	r2, r0, #1
 254 0008 03F00103 		and	r3, r3, #1
 255              	.LVL26:
  69:Src/seven_segment.c **** result|=(input &0x02)>>1 & (~input&0x01); 
 256              		.loc 1 69 1 is_stmt 1 view .LVU66
 257              		.loc 1 69 26 is_stmt 0 view .LVU67
 258 000c C0F34000 		ubfx	r0, r0, #1, #1
 259              	.LVL27:
 260              		.loc 1 69 26 view .LVU68
 261 0010 1040     		ands	r0, r0, r2
 262              	.LVL28:
  70:Src/seven_segment.c **** 
  71:Src/seven_segment.c **** if(result ==1){
 263              		.loc 1 71 1 is_stmt 1 view .LVU69
 264              		.loc 1 71 3 is_stmt 0 view .LVU70
 265 0012 1A42     		tst	r2, r3
 266 0014 02D1     		bne	.L16
 267 0016 08B9     		cbnz	r0, .L16
  72:Src/seven_segment.c **** 
  73:Src/seven_segment.c ****     return GPIO_PIN_SET;
  74:Src/seven_segment.c **** }else{
  75:Src/seven_segment.c **** 
  76:Src/seven_segment.c ****     return GPIO_PIN_RESET;
 268              		.loc 1 76 12 view .LVU71
 269 0018 0020     		movs	r0, #0
 270              	.LVL29:
  77:Src/seven_segment.c **** }
  78:Src/seven_segment.c **** 
  79:Src/seven_segment.c **** 
  80:Src/seven_segment.c **** 
  81:Src/seven_segment.c **** }
ARM GAS  /tmp/cccj64E6.s 			page 7


 271              		.loc 1 81 1 view .LVU72
 272 001a 7047     		bx	lr
 273              	.LVL30:
 274              	.L16:
  73:Src/seven_segment.c **** }else{
 275              		.loc 1 73 12 view .LVU73
 276 001c 0120     		movs	r0, #1
 277              	.LVL31:
  73:Src/seven_segment.c **** }else{
 278              		.loc 1 73 12 view .LVU74
 279 001e 7047     		bx	lr
 280              		.cfi_endproc
 281              	.LFE134:
 283              		.section	.text.segment_f,"ax",%progbits
 284              		.align	1
 285              		.global	segment_f
 286              		.syntax unified
 287              		.thumb
 288              		.thumb_func
 289              		.fpu fpv4-sp-d16
 291              	segment_f:
 292              	.LVL32:
 293              	.LFB135:
  82:Src/seven_segment.c **** //fixed
  83:Src/seven_segment.c **** GPIO_PinState segment_f(uint8_t input){
 294              		.loc 1 83 39 is_stmt 1 view -0
 295              		.cfi_startproc
 296              		@ args = 0, pretend = 0, frame = 0
 297              		@ frame_needed = 0, uses_anonymous_args = 0
 298              		@ link register save eliminated.
  84:Src/seven_segment.c **** uint8_t result =(~input & 0x02)>>1 & (0x01 & ~input);
 299              		.loc 1 84 1 view .LVU76
 300              		.loc 1 84 32 is_stmt 0 view .LVU77
 301 0000 6FEA500C 		mvn	ip, r0, lsr #1
 302              		.loc 1 84 36 view .LVU78
 303 0004 80F00101 		eor	r1, r0, #1
 304 0008 01F00103 		and	r3, r1, #1
 305 000c 0CF00102 		and	r2, ip, #1
 306 0010 1140     		ands	r1, r1, r2
 307              	.LVL33:
  85:Src/seven_segment.c **** result|=(0x04&input)>>2 & (0x02&~input)>>1;
 308              		.loc 1 85 1 is_stmt 1 view .LVU79
 309              		.loc 1 85 21 is_stmt 0 view .LVU80
 310 0012 C0F38002 		ubfx	r2, r0, #2, #1
 311              		.loc 1 85 25 view .LVU81
 312 0016 02EA0C02 		and	r2, r2, ip
 313              		.loc 1 85 7 view .LVU82
 314 001a 0A43     		orrs	r2, r2, r1
 315              	.LVL34:
  86:Src/seven_segment.c **** result|=(0x04 & input)>>2&(0x01 & ~input);
 316              		.loc 1 86 1 is_stmt 1 view .LVU83
 317              		.loc 1 86 26 is_stmt 0 view .LVU84
 318 001c 03EA9003 		and	r3, r3, r0, lsr #2
 319              		.loc 1 86 7 view .LVU85
 320 0020 1343     		orrs	r3, r3, r2
 321              	.LVL35:
  87:Src/seven_segment.c **** result|=(0x08 & input)>>3;
ARM GAS  /tmp/cccj64E6.s 			page 8


 322              		.loc 1 87 1 is_stmt 1 view .LVU86
 323              		.loc 1 87 7 is_stmt 0 view .LVU87
 324 0022 C0F3C000 		ubfx	r0, r0, #3, #1
 325              	.LVL36:
  88:Src/seven_segment.c **** 
  89:Src/seven_segment.c **** if(result ==1){
 326              		.loc 1 89 1 is_stmt 1 view .LVU88
 327              		.loc 1 89 3 is_stmt 0 view .LVU89
 328 0026 1843     		orrs	r0, r0, r3
 329              	.LVL37:
 330              		.loc 1 89 3 view .LVU90
 331 0028 00D1     		bne	.L18
  90:Src/seven_segment.c **** 	return GPIO_PIN_SET;
  91:Src/seven_segment.c **** }else{
  92:Src/seven_segment.c **** 	return GPIO_PIN_RESET;
 332              		.loc 1 92 9 view .LVU91
 333 002a 0020     		movs	r0, #0
 334              	.LVL38:
 335              	.L18:
  93:Src/seven_segment.c **** 	}
  94:Src/seven_segment.c **** 
  95:Src/seven_segment.c **** 
  96:Src/seven_segment.c **** }
 336              		.loc 1 96 1 view .LVU92
 337 002c 7047     		bx	lr
 338              		.cfi_endproc
 339              	.LFE135:
 341              		.section	.text.segment_g,"ax",%progbits
 342              		.align	1
 343              		.global	segment_g
 344              		.syntax unified
 345              		.thumb
 346              		.thumb_func
 347              		.fpu fpv4-sp-d16
 349              	segment_g:
 350              	.LVL39:
 351              	.LFB136:
  97:Src/seven_segment.c **** 
  98:Src/seven_segment.c **** //fixed
  99:Src/seven_segment.c **** GPIO_PinState segment_g(uint8_t input){
 352              		.loc 1 99 39 is_stmt 1 view -0
 353              		.cfi_startproc
 354              		@ args = 0, pretend = 0, frame = 0
 355              		@ frame_needed = 0, uses_anonymous_args = 0
 356              		@ link register save eliminated.
 100:Src/seven_segment.c **** 
 101:Src/seven_segment.c **** uint8_t result =(0x04&~input)>>2 & (0x02&input)>>1;
 357              		.loc 1 101 1 view .LVU94
 358              		.loc 1 101 34 is_stmt 0 view .LVU95
 359 0000 4208     		lsrs	r2, r0, #1
 360 0002 22EA9002 		bic	r2, r2, r0, lsr #2
 361              		.loc 1 101 9 view .LVU96
 362 0006 02F00103 		and	r3, r2, #1
 363              	.LVL40:
 102:Src/seven_segment.c **** result|=(0x04&input)>>2 &(0x02&~input)>>1;
 364              		.loc 1 102 1 is_stmt 1 view .LVU97
 365              		.loc 1 102 21 is_stmt 0 view .LVU98
ARM GAS  /tmp/cccj64E6.s 			page 9


 366 000a C0F38002 		ubfx	r2, r0, #2, #1
 367              		.loc 1 102 25 view .LVU99
 368 000e 22EA5002 		bic	r2, r2, r0, lsr #1
 369              		.loc 1 102 7 view .LVU100
 370 0012 1A43     		orrs	r2, r2, r3
 371              	.LVL41:
 103:Src/seven_segment.c **** result|=(0x08&input)>>3;
 372              		.loc 1 103 1 is_stmt 1 view .LVU101
 373              		.loc 1 103 7 is_stmt 0 view .LVU102
 374 0014 C0F3C003 		ubfx	r3, r0, #3, #1
 375 0018 1A43     		orrs	r2, r2, r3
 376              	.LVL42:
 104:Src/seven_segment.c **** result|=(0x04&input)>>2&(0x01&~input);
 377              		.loc 1 104 1 is_stmt 1 view .LVU103
 378              		.loc 1 104 24 is_stmt 0 view .LVU104
 379 001a 80F00103 		eor	r3, r0, #1
 380 001e 03F00103 		and	r3, r3, #1
 381 0022 03EA9000 		and	r0, r3, r0, lsr #2
 382              	.LVL43:
 105:Src/seven_segment.c **** 
 106:Src/seven_segment.c **** if(result ==1){
 383              		.loc 1 106 1 is_stmt 1 view .LVU105
 384              		.loc 1 106 3 is_stmt 0 view .LVU106
 385 0026 1043     		orrs	r0, r0, r2
 386              	.LVL44:
 387              		.loc 1 106 3 view .LVU107
 388 0028 00D1     		bne	.L21
 107:Src/seven_segment.c **** 	return GPIO_PIN_SET;
 108:Src/seven_segment.c **** }else{
 109:Src/seven_segment.c **** 	return GPIO_PIN_RESET;
 389              		.loc 1 109 9 view .LVU108
 390 002a 0020     		movs	r0, #0
 391              	.LVL45:
 392              	.L21:
 110:Src/seven_segment.c **** 	}
 111:Src/seven_segment.c **** 
 112:Src/seven_segment.c **** 
 113:Src/seven_segment.c **** 
 114:Src/seven_segment.c **** }
 393              		.loc 1 114 1 view .LVU109
 394 002c 7047     		bx	lr
 395              		.cfi_endproc
 396              	.LFE136:
 398              		.text
 399              	.Letext0:
 400              		.file 2 "/usr/arm-none-eabi/include/machine/_default_types.h"
 401              		.file 3 "/usr/arm-none-eabi/include/sys/_stdint.h"
 402              		.file 4 "Drivers/STM32F4xx_HAL_Driver/Inc/stm32f4xx_hal_gpio.h"
ARM GAS  /tmp/cccj64E6.s 			page 10


DEFINED SYMBOLS
                            *ABS*:0000000000000000 seven_segment.c
     /tmp/cccj64E6.s:18     .text.segment_a:0000000000000000 $t
     /tmp/cccj64E6.s:26     .text.segment_a:0000000000000000 segment_a
     /tmp/cccj64E6.s:74     .text.segment_b:0000000000000000 $t
     /tmp/cccj64E6.s:81     .text.segment_b:0000000000000000 segment_b
     /tmp/cccj64E6.s:128    .text.segment_c:0000000000000000 $t
     /tmp/cccj64E6.s:135    .text.segment_c:0000000000000000 segment_c
     /tmp/cccj64E6.s:165    .text.segment_d:0000000000000000 $t
     /tmp/cccj64E6.s:172    .text.segment_d:0000000000000000 segment_d
     /tmp/cccj64E6.s:234    .text.segment_e:0000000000000000 $t
     /tmp/cccj64E6.s:241    .text.segment_e:0000000000000000 segment_e
     /tmp/cccj64E6.s:284    .text.segment_f:0000000000000000 $t
     /tmp/cccj64E6.s:291    .text.segment_f:0000000000000000 segment_f
     /tmp/cccj64E6.s:342    .text.segment_g:0000000000000000 $t
     /tmp/cccj64E6.s:349    .text.segment_g:0000000000000000 segment_g

NO UNDEFINED SYMBOLS
